ℹ Pushover user was already set to `urwewkdm1w9r4sr879stmwjzewy6xp`
ℹ Pushover app was already set to `a3978x9yshmeprwctrkjtvg6xgipov`
2023-06-28 21:59:28| Terms and Conditions Accepted
2023-06-28 21:59:28| Pulling Fixtures for Sport ID: 29, with League ID(s): 2436, 2386, 1928, 2196, 1980, 2432, 2036, 1842, 1977, 1843, 2242, 2663, 1834, 210697
2023-06-28 21:59:28| Pulling Odds for - sportid: 29 leagueids: 2436, 2386, 1928, 2196, 1980, 2432, 2036, 1842, 1977, 1843, 2242, 2663, 1834, 210697 islive: FALSE oddsformat: DECIMAL tableformat: subtables
Joining with `by = join_by(league.id)`
# A tibble: 7 × 3
# Groups:   league.id [7]
  league.id pelit             league          
      <dbl> <list>            <chr>           
1    210697 <tibble [12 × 8]> Liga Profesional
2      1834 <tibble [10 × 8]> Serie A         
3      2242 <tibble [9 × 8]>  Liga MX         
4      1977 <tibble [12 × 8]> E1              
5      2196 <tibble [10 × 8]> SP1             
6      2663 <tibble [14 × 8]> MLS             
7      1980 <tibble [10 × 8]> E0              
trying URL 'https://www.football-data.co.uk/mmz4281/2223/all-euro-data-2022-2023.xlsx'
Content type 'application/vnd.openxmlformats-officedocument.spreadsheetml.sheet' length 4495506 bytes (4.3 MB)
==================================================
downloaded 4.3 MB

Solving market goals...
Warning message:
The `x` argument of `as_tibble.matrix()` must have unique column names if
`.name_repair` is omitted as of tibble 2.0.0.
ℹ Using compatibility `.name_repair`.
ℹ The deprecated feature was likely used in the bets package.
  Please report the issue at <https://github.com/Saarialho/bets/issues>. 
trying URL 'https://www.football-data.co.uk/new/new_leagues_data.xlsx'
Content type 'application/vnd.openxmlformats-officedocument.spreadsheetml.sheet' length 5153275 bytes (4.9 MB)
==================================================
downloaded 4.9 MB

Solving market goals...
There were 45 warnings (use warnings() to see them)
# A tibble: 2,347 × 15
   league date       home       away   PSCH  PSCD  PSCA    FHP   FDP   FAP FTR  
   <chr>  <date>     <chr>      <chr> <dbl> <dbl> <dbl>  <dbl> <dbl> <dbl> <chr>
 1 E0     2022-08-05 crystal p… arse…  4.58  3.63  1.88 0.210  0.267 0.523 A    
 2 E0     2022-08-06 fulham     live… 10.5   6.5   1.29 0.0871 0.146 0.767 D    
 3 E0     2022-08-06 bournemou… asto…  4.09  3.59  2    0.237  0.271 0.492 H    
 4 E0     2022-08-06 leeds      wolv…  2.45  3.44  3.09 0.401  0.283 0.316 H    
 5 E0     2022-08-06 newcastle  nott…  1.57  4.22  6.6  0.628  0.228 0.143 H    
 6 E0     2022-08-06 tottenham  sout…  1.39  5.34  8.55 0.712  0.179 0.109 H    
 7 E0     2022-08-06 everton    chel…  6.89  4.16  1.56 0.136  0.232 0.632 A    
 8 E0     2022-08-07 leicester  bren…  1.96  3.69  4.29 0.505  0.266 0.228 D    
 9 E0     2022-08-07 man united brig…  1.81  3.86  4.72 0.545  0.251 0.204 A    
10 E0     2022-08-07 west ham   man …  8     5.35  1.41 0.118  0.180 0.702 A    
# ℹ 2,337 more rows
# ℹ 4 more variables: FTHG <dbl>, FTAG <dbl>, mhxg <dbl>, maxg <dbl>
Rows: 2014 Columns: 15
── Column specification ────────────────────────────────────────────────────────
Delimiter: ","
chr (13): competition_type, competition_name, country, gender, governing_bod...
dbl  (1): season_end_year
lgl  (1): is_completed

ℹ Use `spec()` to retrieve the full column specification for this data.
ℹ Specify the column types or set `show_col_types = FALSE` to quiet this message.
# A tibble: 10 × 2
   league                        max_date  
   <chr>                         <date>    
 1 Campeonato Brasileiro Série A 2023-06-26
 2 EFL Championship              2023-05-27
 3 Eredivisie                    2023-06-11
 4 Fußball-Bundesliga            2023-06-05
 5 La Liga                       2023-06-04
 6 Ligue 1                       2023-06-03
 7 Major League Soccer           2023-06-24
 8 Premier League                2023-05-28
 9 Primeira Liga                 2023-06-11
10 Serie A                       2023-06-11
── Data Summary ────────────────────────
                           Values    
Name                       Piped data
Number of rows             693       
Number of columns          2         
_______________________              
Column type frequency:               
  numeric                  1         
________________________             
Group variables            league    

── Variable type: numeric ──────────────────────────────────────────────────────
  skim_variable league           n_missing complete_rate   mean     sd   p0
1 h_xg          Liga Profesional       294             0 NaN    NA     NA  
2 h_xg          MLS                      0             1   1.47  0.739  0.1
3 h_xg          Serie A                  0             1   1.56  0.785  0.2
     p25  p50  p75 p100 hist   
1 NA     NA   NA   NA   " "    
2  0.9    1.4  1.8  4.4 "▅▇▃▁▁"
3  0.975  1.5  1.9  5.3 "▆▇▂▁▁"
── Data Summary ────────────────────────
                           Values    
Name                       Piped data
Number of rows             693       
Number of columns          2         
_______________________              
Column type frequency:               
  numeric                  1         
________________________             
Group variables            league    

── Variable type: numeric ──────────────────────────────────────────────────────
  skim_variable league           n_missing complete_rate mean    sd    p0   p25
1 h_xg          Liga Profesional         0             1 1.34 0.347 0.634 1.12 
2 h_xg          MLS                      0             1 1.47 0.739 0.1   0.9  
3 h_xg          Serie A                  0             1 1.56 0.785 0.2   0.975
   p50  p75 p100 hist 
1 1.28 1.50 3.11 ▃▇▂▁▁
2 1.4  1.8  4.4  ▅▇▃▁▁
3 1.5  1.9  5.3  ▆▇▂▁▁
# A tibble: 87 × 4
   league           model_id              fit        teams     
   <chr>            <glue>                <list>     <list>    
 1 Liga Profesional model_0.00067_0.84674 <goalmodl> <chr [28]>
 2 Liga Profesional model_0.00187_0.82428 <goalmodl> <chr [28]>
 3 Liga Profesional model_0.00247_0.85194 <goalmodl> <chr [28]>
 4 Liga Profesional model_0.00274_0.7744  <goalmodl> <chr [28]>
 5 Liga Profesional model_0.00381_0.8884  <goalmodl> <chr [28]>
 6 Liga Profesional model_0.00603_0.76557 <goalmodl> <chr [28]>
 7 Liga Profesional model_0.00622_0.86001 <goalmodl> <chr [28]>
 8 Liga Profesional model_0.00933_0.81273 <goalmodl> <chr [28]>
 9 Liga Profesional model_0.0096_0.8038   <goalmodl> <chr [28]>
10 Liga Profesional model_0.01469_0.71732 <goalmodl> <chr [28]>
# ℹ 77 more rows
Joining with `by = join_by(league)`
# A tibble: 0 × 3
# ℹ 3 variables: league <chr>, closest_match <chr>, pin_teams <???>
# A tibble: 36 × 25
   date       league      team1 team2   mlh   mld   mla maxbet    p1    p2    pd
   <date>     <chr>       <chr> <chr> <dbl> <dbl> <dbl>  <dbl> <dbl> <dbl> <dbl>
 1 2023-07-01 Liga Profe… Barr… Rive…  6.37  4.37  1.50    300 0.138 0.646 0.216
 2 2023-07-01 Liga Profe… Estu… Cent…  1.58  3.89  6.3     300 0.622 0.13  0.248
 3 2023-07-01 Liga Profe… San … Rosa…  1.98  3.07  4.62    300 0.5   0.193 0.307
 4 2023-07-01 Liga Profe… Vele… Arse…  1.76  3.4   5.4     300 0.615 0.124 0.261
 5 2023-07-01 MLS         CF M… New …  2.3   3.54  3.16    300 0.389 0.329 0.282
 6 2023-07-01 MLS         Colu… New …  1.99  3.55  3.99    300 0.489 0.243 0.268
 7 2023-07-01 MLS         FC C… New …  2.13  3.62  3.46    300 0.473 0.274 0.254
 8 2023-07-01 MLS         Inte… Aust…  2.53  3.7   2.72    300 0.394 0.335 0.271
 9 2023-07-01 MLS         Orla… Chic…  1.82  3.9   4.34    300 0.52  0.222 0.258
10 2023-07-01 MLS         Toro… Real…  2.14  3.82  3.27    300 0.483 0.259 0.258
# ℹ 26 more rows
# ℹ 14 more variables: hdp <dbl>, home <dbl>, away <dbl>, EV1 <dbl>, EVD <dbl>,
#   EV2 <dbl>, EV1_hdp <dbl>, EV2_hdp <dbl>, max_hdp <dbl>, EV <dbl>,
#   kerroin <dbl>, kohde <fct>, dts <dbl>, id <chr>
Error in use_data(hist_bets, overwrite = TRUE) : 
  could not find function "use_data"
Calls: save_bets
Execution halted
